2023/01/07 19:07:29 [warn] 1#1: conflicting server name "" on 0.0.0.0:8080, ignored
2023/01/07 19:07:29 [notice] 1#1: using the "epoll" event method
2023/01/07 19:07:29 [notice] 1#1: nginx/1.21.6
2023/01/07 19:07:29 [notice] 1#1: built by gcc 10.3.1 20211027 (Alpine 10.3.1_git20211027) 
2023/01/07 19:07:29 [notice] 1#1: OS: Linux 5.15.77-amd64-desktop
2023/01/07 19:07:29 [notice] 1#1: getrlimit(RLIMIT_NOFILE): 1048576:1048576
2023/01/07 19:07:29 [notice] 1#1: start worker processes
2023/01/07 19:07:29 [notice] 1#1: start worker process 24
2023/01/07 19:07:29 [notice] 1#1: start worker process 25
2023/01/07 19:07:29 [notice] 1#1: start worker process 26
2023/01/07 19:07:29 [notice] 1#1: start worker process 27
2023/01/07 19:07:29 [notice] 1#1: start worker process 28
2023/01/07 19:07:29 [notice] 1#1: start worker process 29
2023/01/07 19:08:37 [notice] 1#1: signal 3 (SIGQUIT) received, shutting down
2023/01/07 19:08:37 [notice] 24#24: gracefully shutting down
2023/01/07 19:08:37 [notice] 29#29: gracefully shutting down
2023/01/07 19:08:37 [notice] 24#24: exiting
2023/01/07 19:08:37 [notice] 29#29: exiting
2023/01/07 19:08:37 [notice] 24#24: exit
2023/01/07 19:08:37 [notice] 29#29: exit
2023/01/07 19:08:37 [notice] 28#28: gracefully shutting down
2023/01/07 19:08:37 [notice] 28#28: exiting
2023/01/07 19:08:37 [notice] 28#28: exit
2023/01/07 19:08:37 [notice] 25#25: gracefully shutting down
2023/01/07 19:08:37 [notice] 25#25: exiting
2023/01/07 19:08:37 [notice] 25#25: exit
2023/01/07 19:08:37 [notice] 26#26: gracefully shutting down
2023/01/07 19:08:37 [notice] 26#26: exiting
2023/01/07 19:08:37 [notice] 26#26: exit
2023/01/07 19:08:37 [notice] 27#27: gracefully shutting down
2023/01/07 19:08:37 [notice] 27#27: exiting
2023/01/07 19:08:37 [notice] 27#27: exit
2023/01/07 19:08:37 [notice] 1#1: signal 17 (SIGCHLD) received from 29
2023/01/07 19:08:37 [notice] 1#1: worker process 29 exited with code 0
2023/01/07 19:08:37 [notice] 1#1: signal 29 (SIGIO) received
2023/01/07 19:08:37 [notice] 1#1: signal 17 (SIGCHLD) received from 24
2023/01/07 19:08:37 [notice] 1#1: worker process 24 exited with code 0
2023/01/07 19:08:37 [notice] 1#1: signal 29 (SIGIO) received
2023/01/07 19:08:37 [notice] 1#1: signal 17 (SIGCHLD) received from 28
2023/01/07 19:08:37 [notice] 1#1: worker process 28 exited with code 0
2023/01/07 19:08:37 [notice] 1#1: signal 29 (SIGIO) received
2023/01/07 19:08:37 [notice] 1#1: signal 17 (SIGCHLD) received from 27
2023/01/07 19:08:37 [notice] 1#1: worker process 25 exited with code 0
2023/01/07 19:08:37 [notice] 1#1: worker process 26 exited with code 0
2023/01/07 19:08:37 [notice] 1#1: worker process 27 exited with code 0
2023/01/07 19:08:37 [notice] 1#1: exit
2023/01/07 19:08:41 [notice] 1#1: using the "epoll" event method
2023/01/07 19:08:41 [notice] 1#1: nginx/1.21.6
2023/01/07 19:08:41 [notice] 1#1: built by gcc 10.3.1 20211027 (Alpine 10.3.1_git20211027) 
2023/01/07 19:08:41 [notice] 1#1: OS: Linux 5.15.77-amd64-desktop
2023/01/07 19:08:41 [notice] 1#1: getrlimit(RLIMIT_NOFILE): 1048576:1048576
2023/01/07 19:08:41 [notice] 1#1: start worker processes
2023/01/07 19:08:41 [notice] 1#1: start worker process 24
2023/01/07 19:08:41 [notice] 1#1: start worker process 25
2023/01/07 19:08:41 [notice] 1#1: start worker process 26
2023/01/07 19:08:41 [notice] 1#1: start worker process 27
2023/01/07 19:08:41 [notice] 1#1: start worker process 28
2023/01/07 19:08:41 [notice] 1#1: start worker process 29
2023/01/07 20:14:53 [notice] 1#1: signal 3 (SIGQUIT) received, shutting down
2023/01/07 20:14:53 [notice] 24#24: gracefully shutting down
2023/01/07 20:14:53 [notice] 25#25: gracefully shutting down
2023/01/07 20:14:53 [notice] 29#29: gracefully shutting down
2023/01/07 20:14:53 [notice] 24#24: exiting
2023/01/07 20:14:53 [notice] 25#25: exiting
2023/01/07 20:14:53 [notice] 29#29: exiting
2023/01/07 20:14:53 [notice] 29#29: exit
2023/01/07 20:14:53 [notice] 24#24: exit
2023/01/07 20:14:53 [notice] 25#25: exit
2023/01/07 20:14:53 [notice] 27#27: gracefully shutting down
2023/01/07 20:14:53 [notice] 27#27: exiting
2023/01/07 20:14:53 [notice] 27#27: exit
2023/01/07 20:14:53 [notice] 26#26: gracefully shutting down
2023/01/07 20:14:53 [notice] 26#26: exiting
2023/01/07 20:14:53 [notice] 26#26: exit
2023/01/07 20:14:53 [notice] 28#28: gracefully shutting down
2023/01/07 20:14:53 [notice] 28#28: exiting
2023/01/07 20:14:53 [notice] 28#28: exit
2023/01/07 20:14:53 [notice] 1#1: signal 17 (SIGCHLD) received from 29
2023/01/07 20:14:53 [notice] 1#1: worker process 26 exited with code 0
2023/01/07 20:14:53 [notice] 1#1: worker process 28 exited with code 0
2023/01/07 20:14:53 [notice] 1#1: worker process 29 exited with code 0
2023/01/07 20:14:53 [notice] 1#1: signal 29 (SIGIO) received
2023/01/07 20:14:53 [notice] 1#1: signal 17 (SIGCHLD) received from 28
2023/01/07 20:14:53 [notice] 1#1: signal 17 (SIGCHLD) received from 27
2023/01/07 20:14:53 [notice] 1#1: worker process 27 exited with code 0
2023/01/07 20:14:53 [notice] 1#1: signal 29 (SIGIO) received
2023/01/07 20:14:53 [notice] 1#1: signal 17 (SIGCHLD) received from 25
2023/01/07 20:14:53 [notice] 1#1: worker process 25 exited with code 0
2023/01/07 20:14:53 [notice] 1#1: signal 29 (SIGIO) received
2023/01/07 20:14:53 [notice] 1#1: signal 17 (SIGCHLD) received from 24
2023/01/07 20:14:53 [notice] 1#1: worker process 24 exited with code 0
2023/01/07 20:14:53 [notice] 1#1: exit
2023/01/07 20:15:07 [emerg] 1#1: host not found in upstream "soap" in /etc/nginx/conf.d/soap.conf:38
2023/01/07 20:16:07 [notice] 1#1: using the "epoll" event method
2023/01/07 20:16:07 [notice] 1#1: nginx/1.21.6
2023/01/07 20:16:07 [notice] 1#1: built by gcc 10.3.1 20211027 (Alpine 10.3.1_git20211027) 
2023/01/07 20:16:07 [notice] 1#1: OS: Linux 5.15.77-amd64-desktop
2023/01/07 20:16:07 [notice] 1#1: getrlimit(RLIMIT_NOFILE): 1048576:1048576
2023/01/07 20:16:07 [notice] 1#1: start worker processes
2023/01/07 20:16:07 [notice] 1#1: start worker process 31
2023/01/07 20:16:07 [notice] 1#1: start worker process 32
2023/01/07 20:16:07 [notice] 1#1: start worker process 33
2023/01/07 20:16:07 [notice] 1#1: start worker process 34
2023/01/07 20:16:07 [notice] 1#1: start worker process 35
2023/01/07 20:16:07 [notice] 1#1: start worker process 36
2023/01/07 20:17:43 [notice] 1#1: signal 3 (SIGQUIT) received, shutting down
2023/01/07 20:17:43 [notice] 31#31: gracefully shutting down
2023/01/07 20:17:43 [notice] 32#32: gracefully shutting down
2023/01/07 20:17:43 [notice] 33#33: gracefully shutting down
2023/01/07 20:17:43 [notice] 32#32: exiting
2023/01/07 20:17:43 [notice] 33#33: exiting
2023/01/07 20:17:43 [notice] 31#31: exiting
2023/01/07 20:17:43 [notice] 32#32: exit
2023/01/07 20:17:43 [notice] 31#31: exit
2023/01/07 20:17:43 [notice] 33#33: exit
2023/01/07 20:17:43 [notice] 34#34: gracefully shutting down
2023/01/07 20:17:43 [notice] 35#35: gracefully shutting down
2023/01/07 20:17:43 [notice] 34#34: exiting
2023/01/07 20:17:43 [notice] 35#35: exiting
2023/01/07 20:17:43 [notice] 34#34: exit
2023/01/07 20:17:43 [notice] 35#35: exit
2023/01/07 20:17:43 [notice] 36#36: gracefully shutting down
2023/01/07 20:17:43 [notice] 36#36: exiting
2023/01/07 20:17:43 [notice] 36#36: exit
2023/01/07 20:17:44 [notice] 1#1: signal 17 (SIGCHLD) received from 36
2023/01/07 20:17:44 [notice] 1#1: worker process 31 exited with code 0
2023/01/07 20:17:44 [notice] 1#1: worker process 33 exited with code 0
2023/01/07 20:17:44 [notice] 1#1: worker process 34 exited with code 0
2023/01/07 20:17:44 [notice] 1#1: worker process 36 exited with code 0
2023/01/07 20:17:44 [notice] 1#1: signal 29 (SIGIO) received
2023/01/07 20:17:44 [notice] 1#1: signal 17 (SIGCHLD) received from 34
2023/01/07 20:17:44 [notice] 1#1: signal 17 (SIGCHLD) received from 32
2023/01/07 20:17:44 [notice] 1#1: worker process 32 exited with code 0
2023/01/07 20:17:44 [notice] 1#1: worker process 35 exited with code 0
2023/01/07 20:17:44 [notice] 1#1: exit
2023/01/07 20:23:10 [notice] 1#1: using the "epoll" event method
2023/01/07 20:23:10 [notice] 1#1: nginx/1.21.6
2023/01/07 20:23:10 [notice] 1#1: built by gcc 10.3.1 20211027 (Alpine 10.3.1_git20211027) 
2023/01/07 20:23:10 [notice] 1#1: OS: Linux 5.15.77-amd64-desktop
2023/01/07 20:23:10 [notice] 1#1: getrlimit(RLIMIT_NOFILE): 1048576:1048576
2023/01/07 20:23:10 [notice] 1#1: start worker processes
2023/01/07 20:23:10 [notice] 1#1: start worker process 31
2023/01/07 20:23:10 [notice] 1#1: start worker process 32
2023/01/07 20:23:10 [notice] 1#1: start worker process 33
2023/01/07 20:23:10 [notice] 1#1: start worker process 34
2023/01/07 20:23:10 [notice] 1#1: start worker process 35
2023/01/07 20:23:10 [notice] 1#1: start worker process 36
2023/01/08 01:59:15 [warn] 34#34: *877 upstream sent more data than specified in "Content-Length" header while reading upstream, client: 10.5.0.4, server: , request: "POST /api/soap HTTP/1.1", upstream: "fastcgi://10.5.0.3:9000", host: "10.5.0.5:8080"
2023/01/08 01:59:58 [warn] 34#34: *882 upstream sent more data than specified in "Content-Length" header while reading upstream, client: 10.5.0.4, server: , request: "POST /api/soap HTTP/1.1", upstream: "fastcgi://10.5.0.3:9000", host: "10.5.0.5:8080"
2023/01/08 01:59:58 [warn] 34#34: *887 upstream sent more data than specified in "Content-Length" header while reading upstream, client: 10.5.0.4, server: , request: "POST /api/soap HTTP/1.1", upstream: "fastcgi://10.5.0.3:9000", host: "10.5.0.5:8080"
2023/01/08 02:47:53 [warn] 33#33: *1179 upstream sent more data than specified in "Content-Length" header while reading upstream, client: 10.5.0.4, server: , request: "POST /api/soap2 HTTP/1.1", upstream: "fastcgi://10.5.0.3:9000", host: "10.5.0.5:8080"
2023/01/08 02:47:56 [warn] 33#33: *1184 upstream sent more data than specified in "Content-Length" header while reading upstream, client: 10.5.0.4, server: , request: "POST /api/soap2 HTTP/1.1", upstream: "fastcgi://10.5.0.3:9000", host: "10.5.0.5:8080"
2023/01/08 02:47:57 [warn] 33#33: *1189 upstream sent more data than specified in "Content-Length" header while reading upstream, client: 10.5.0.4, server: , request: "POST /api/soap2 HTTP/1.1", upstream: "fastcgi://10.5.0.3:9000", host: "10.5.0.5:8080"
2023/01/08 04:15:20 [notice] 1#1: signal 3 (SIGQUIT) received, shutting down
2023/01/08 04:15:20 [notice] 31#31: gracefully shutting down
2023/01/08 04:15:20 [notice] 32#32: gracefully shutting down
2023/01/08 04:15:20 [notice] 34#34: gracefully shutting down
2023/01/08 04:15:20 [notice] 33#33: gracefully shutting down
2023/01/08 04:15:20 [notice] 31#31: exiting
2023/01/08 04:15:20 [notice] 32#32: exiting
2023/01/08 04:15:20 [notice] 36#36: gracefully shutting down
2023/01/08 04:15:20 [notice] 34#34: exiting
2023/01/08 04:15:20 [notice] 33#33: exiting
2023/01/08 04:15:20 [notice] 36#36: exiting
2023/01/08 04:15:20 [notice] 31#31: exit
2023/01/08 04:15:20 [notice] 32#32: exit
2023/01/08 04:15:20 [notice] 33#33: exit
2023/01/08 04:15:20 [notice] 34#34: exit
2023/01/08 04:15:20 [notice] 35#35: gracefully shutting down
2023/01/08 04:15:20 [notice] 36#36: exit
2023/01/08 04:15:20 [notice] 35#35: exiting
2023/01/08 04:15:20 [notice] 35#35: exit
2023/01/08 04:15:20 [notice] 1#1: signal 17 (SIGCHLD) received from 33
2023/01/08 04:15:20 [notice] 1#1: worker process 32 exited with code 0
2023/01/08 04:15:20 [notice] 1#1: worker process 33 exited with code 0
2023/01/08 04:15:20 [notice] 1#1: worker process 34 exited with code 0
2023/01/08 04:15:20 [notice] 1#1: worker process 35 exited with code 0
2023/01/08 04:15:20 [notice] 1#1: signal 29 (SIGIO) received
2023/01/08 04:15:20 [notice] 1#1: signal 17 (SIGCHLD) received from 32
2023/01/08 04:15:20 [notice] 1#1: signal 17 (SIGCHLD) received from 36
2023/01/08 04:15:20 [notice] 1#1: worker process 31 exited with code 0
2023/01/08 04:15:20 [notice] 1#1: worker process 36 exited with code 0
2023/01/08 04:15:20 [notice] 1#1: exit
2023/01/08 04:17:03 [notice] 1#1: using the "epoll" event method
2023/01/08 04:17:03 [notice] 1#1: nginx/1.21.6
2023/01/08 04:17:03 [notice] 1#1: built by gcc 10.3.1 20211027 (Alpine 10.3.1_git20211027) 
2023/01/08 04:17:03 [notice] 1#1: OS: Linux 5.15.77-amd64-desktop
2023/01/08 04:17:03 [notice] 1#1: getrlimit(RLIMIT_NOFILE): 1048576:1048576
2023/01/08 04:17:03 [notice] 1#1: start worker processes
2023/01/08 04:17:03 [notice] 1#1: start worker process 32
2023/01/08 04:17:03 [notice] 1#1: start worker process 33
2023/01/08 04:17:03 [notice] 1#1: start worker process 34
2023/01/08 04:17:03 [notice] 1#1: start worker process 35
2023/01/08 04:17:03 [notice] 1#1: start worker process 36
2023/01/08 04:17:03 [notice] 1#1: start worker process 37
2023/01/08 04:17:09 [notice] 1#1: signal 3 (SIGQUIT) received, shutting down
2023/01/08 04:17:09 [notice] 35#35: gracefully shutting down
2023/01/08 04:17:09 [notice] 32#32: gracefully shutting down
2023/01/08 04:17:09 [notice] 33#33: gracefully shutting down
2023/01/08 04:17:09 [notice] 35#35: exiting
2023/01/08 04:17:09 [notice] 32#32: exiting
2023/01/08 04:17:09 [notice] 33#33: exiting
2023/01/08 04:17:09 [notice] 33#33: exit
2023/01/08 04:17:09 [notice] 35#35: exit
2023/01/08 04:17:09 [notice] 32#32: exit
2023/01/08 04:17:09 [notice] 37#37: gracefully shutting down
2023/01/08 04:17:09 [notice] 36#36: gracefully shutting down
2023/01/08 04:17:09 [notice] 37#37: exiting
2023/01/08 04:17:09 [notice] 36#36: exiting
2023/01/08 04:17:09 [notice] 34#34: gracefully shutting down
2023/01/08 04:17:09 [notice] 36#36: exit
2023/01/08 04:17:09 [notice] 34#34: exiting
2023/01/08 04:17:09 [notice] 37#37: exit
2023/01/08 04:17:09 [notice] 34#34: exit
2023/01/08 04:17:09 [notice] 1#1: signal 17 (SIGCHLD) received from 34
2023/01/08 04:17:09 [notice] 1#1: worker process 34 exited with code 0
2023/01/08 04:17:09 [notice] 1#1: worker process 36 exited with code 0
2023/01/08 04:17:09 [notice] 1#1: worker process 37 exited with code 0
2023/01/08 04:17:09 [notice] 1#1: signal 29 (SIGIO) received
2023/01/08 04:17:09 [notice] 1#1: signal 17 (SIGCHLD) received from 36
2023/01/08 04:17:09 [notice] 1#1: signal 17 (SIGCHLD) received from 35
2023/01/08 04:17:09 [notice] 1#1: worker process 35 exited with code 0
2023/01/08 04:17:09 [notice] 1#1: worker process 32 exited with code 0
2023/01/08 04:17:09 [notice] 1#1: signal 29 (SIGIO) received
2023/01/08 04:17:09 [notice] 1#1: signal 17 (SIGCHLD) received from 32
2023/01/08 04:17:09 [notice] 1#1: signal 17 (SIGCHLD) received from 33
2023/01/08 04:17:09 [notice] 1#1: worker process 33 exited with code 0
2023/01/08 04:17:09 [notice] 1#1: exit
2023/01/08 04:19:24 [notice] 1#1: using the "epoll" event method
2023/01/08 04:19:24 [notice] 1#1: nginx/1.21.6
2023/01/08 04:19:24 [notice] 1#1: built by gcc 10.3.1 20211027 (Alpine 10.3.1_git20211027) 
2023/01/08 04:19:24 [notice] 1#1: OS: Linux 5.15.77-amd64-desktop
2023/01/08 04:19:24 [notice] 1#1: getrlimit(RLIMIT_NOFILE): 1048576:1048576
2023/01/08 04:19:24 [notice] 1#1: start worker processes
2023/01/08 04:19:24 [notice] 1#1: start worker process 32
2023/01/08 04:19:24 [notice] 1#1: start worker process 33
2023/01/08 04:19:24 [notice] 1#1: start worker process 34
2023/01/08 04:19:24 [notice] 1#1: start worker process 35
2023/01/08 04:19:24 [notice] 1#1: start worker process 36
2023/01/08 04:19:24 [notice] 1#1: start worker process 37
2023/01/08 04:19:27 [notice] 1#1: signal 3 (SIGQUIT) received, shutting down
2023/01/08 04:19:27 [notice] 33#33: gracefully shutting down
2023/01/08 04:19:27 [notice] 33#33: exiting
2023/01/08 04:19:27 [notice] 33#33: exit
2023/01/08 04:19:27 [notice] 32#32: gracefully shutting down
2023/01/08 04:19:27 [notice] 32#32: exiting
2023/01/08 04:19:27 [notice] 32#32: exit
2023/01/08 04:19:27 [notice] 37#37: gracefully shutting down
2023/01/08 04:19:27 [notice] 34#34: gracefully shutting down
2023/01/08 04:19:27 [notice] 35#35: gracefully shutting down
2023/01/08 04:19:27 [notice] 37#37: exiting
2023/01/08 04:19:27 [notice] 34#34: exiting
2023/01/08 04:19:27 [notice] 35#35: exiting
2023/01/08 04:19:27 [notice] 37#37: exit
2023/01/08 04:19:27 [notice] 35#35: exit
2023/01/08 04:19:27 [notice] 34#34: exit
2023/01/08 04:19:27 [notice] 36#36: gracefully shutting down
2023/01/08 04:19:27 [notice] 36#36: exiting
2023/01/08 04:19:27 [notice] 36#36: exit
2023/01/08 04:19:27 [notice] 1#1: signal 17 (SIGCHLD) received from 37
2023/01/08 04:19:27 [notice] 1#1: worker process 33 exited with code 0
2023/01/08 04:19:27 [notice] 1#1: worker process 37 exited with code 0
2023/01/08 04:19:27 [notice] 1#1: signal 29 (SIGIO) received
2023/01/08 04:19:27 [notice] 1#1: signal 17 (SIGCHLD) received from 33
2023/01/08 04:19:27 [notice] 1#1: worker process 34 exited with code 0
2023/01/08 04:19:27 [notice] 1#1: signal 29 (SIGIO) received
2023/01/08 04:19:27 [notice] 1#1: signal 17 (SIGCHLD) received from 32
2023/01/08 04:19:27 [notice] 1#1: worker process 32 exited with code 0
2023/01/08 04:19:27 [notice] 1#1: signal 29 (SIGIO) received
2023/01/08 04:19:27 [notice] 1#1: signal 17 (SIGCHLD) received from 35
2023/01/08 04:19:27 [notice] 1#1: worker process 35 exited with code 0
2023/01/08 04:19:27 [notice] 1#1: signal 29 (SIGIO) received
2023/01/08 04:19:27 [notice] 1#1: signal 17 (SIGCHLD) received from 36
2023/01/08 04:19:27 [notice] 1#1: worker process 36 exited with code 0
2023/01/08 04:19:27 [notice] 1#1: exit
2023/01/08 04:22:09 [notice] 1#1: using the "epoll" event method
2023/01/08 04:22:09 [notice] 1#1: nginx/1.21.6
2023/01/08 04:22:09 [notice] 1#1: built by gcc 10.3.1 20211027 (Alpine 10.3.1_git20211027) 
2023/01/08 04:22:09 [notice] 1#1: OS: Linux 5.15.77-amd64-desktop
2023/01/08 04:22:09 [notice] 1#1: getrlimit(RLIMIT_NOFILE): 1048576:1048576
2023/01/08 04:22:09 [notice] 1#1: start worker processes
2023/01/08 04:22:09 [notice] 1#1: start worker process 32
2023/01/08 04:22:09 [notice] 1#1: start worker process 33
2023/01/08 04:22:09 [notice] 1#1: start worker process 34
2023/01/08 04:22:09 [notice] 1#1: start worker process 35
2023/01/08 04:22:09 [notice] 1#1: start worker process 36
2023/01/08 04:22:09 [notice] 1#1: start worker process 37
2023/01/08 04:22:12 [notice] 1#1: signal 3 (SIGQUIT) received, shutting down
2023/01/08 04:22:12 [notice] 32#32: gracefully shutting down
2023/01/08 04:22:12 [notice] 35#35: gracefully shutting down
2023/01/08 04:22:12 [notice] 33#33: gracefully shutting down
2023/01/08 04:22:12 [notice] 32#32: exiting
2023/01/08 04:22:12 [notice] 35#35: exiting
2023/01/08 04:22:12 [notice] 33#33: exiting
2023/01/08 04:22:12 [notice] 32#32: exit
2023/01/08 04:22:12 [notice] 35#35: exit
2023/01/08 04:22:12 [notice] 33#33: exit
2023/01/08 04:22:12 [notice] 36#36: gracefully shutting down
2023/01/08 04:22:12 [notice] 36#36: exiting
2023/01/08 04:22:12 [notice] 36#36: exit
2023/01/08 04:22:12 [notice] 37#37: gracefully shutting down
2023/01/08 04:22:12 [notice] 37#37: exiting
2023/01/08 04:22:12 [notice] 37#37: exit
2023/01/08 04:22:12 [notice] 34#34: gracefully shutting down
2023/01/08 04:22:12 [notice] 34#34: exiting
2023/01/08 04:22:12 [notice] 34#34: exit
2023/01/08 04:22:12 [notice] 1#1: signal 17 (SIGCHLD) received from 35
2023/01/08 04:22:12 [notice] 1#1: worker process 33 exited with code 0
2023/01/08 04:22:12 [notice] 1#1: worker process 35 exited with code 0
2023/01/08 04:22:12 [notice] 1#1: signal 29 (SIGIO) received
2023/01/08 04:22:12 [notice] 1#1: signal 17 (SIGCHLD) received from 32
2023/01/08 04:22:12 [notice] 1#1: worker process 32 exited with code 0
2023/01/08 04:22:12 [notice] 1#1: worker process 34 exited with code 0
2023/01/08 04:22:12 [notice] 1#1: signal 29 (SIGIO) received
2023/01/08 04:22:12 [notice] 1#1: signal 17 (SIGCHLD) received from 37
2023/01/08 04:22:12 [notice] 1#1: worker process 36 exited with code 0
2023/01/08 04:22:12 [notice] 1#1: worker process 37 exited with code 0
2023/01/08 04:22:12 [notice] 1#1: exit
2023/01/08 04:22:19 [notice] 1#1: using the "epoll" event method
2023/01/08 04:22:19 [notice] 1#1: nginx/1.21.6
2023/01/08 04:22:19 [notice] 1#1: built by gcc 10.3.1 20211027 (Alpine 10.3.1_git20211027) 
2023/01/08 04:22:19 [notice] 1#1: OS: Linux 5.15.77-amd64-desktop
2023/01/08 04:22:19 [notice] 1#1: getrlimit(RLIMIT_NOFILE): 1048576:1048576
2023/01/08 04:22:19 [notice] 1#1: start worker processes
2023/01/08 04:22:19 [notice] 1#1: start worker process 24
2023/01/08 04:22:19 [notice] 1#1: start worker process 25
2023/01/08 04:22:19 [notice] 1#1: start worker process 26
2023/01/08 04:22:19 [notice] 1#1: start worker process 27
2023/01/08 04:22:19 [notice] 1#1: start worker process 28
2023/01/08 04:22:19 [notice] 1#1: start worker process 29
2023/01/08 04:22:22 [notice] 1#1: signal 3 (SIGQUIT) received, shutting down
2023/01/08 04:22:22 [notice] 25#25: gracefully shutting down
2023/01/08 04:22:22 [notice] 25#25: exiting
2023/01/08 04:22:22 [notice] 25#25: exit
2023/01/08 04:22:22 [notice] 24#24: gracefully shutting down
2023/01/08 04:22:22 [notice] 24#24: exiting
2023/01/08 04:22:22 [notice] 24#24: exit
2023/01/08 04:22:22 [notice] 27#27: gracefully shutting down
2023/01/08 04:22:22 [notice] 27#27: exiting
2023/01/08 04:22:22 [notice] 27#27: exit
2023/01/08 04:22:22 [notice] 26#26: gracefully shutting down
2023/01/08 04:22:22 [notice] 26#26: exiting
2023/01/08 04:22:22 [notice] 26#26: exit
2023/01/08 04:22:22 [notice] 28#28: gracefully shutting down
2023/01/08 04:22:22 [notice] 28#28: exiting
2023/01/08 04:22:22 [notice] 28#28: exit
2023/01/08 04:22:22 [notice] 29#29: gracefully shutting down
2023/01/08 04:22:22 [notice] 29#29: exiting
2023/01/08 04:22:22 [notice] 29#29: exit
2023/01/08 04:22:22 [notice] 1#1: signal 17 (SIGCHLD) received from 25
2023/01/08 04:22:22 [notice] 1#1: worker process 24 exited with code 0
2023/01/08 04:22:22 [notice] 1#1: worker process 25 exited with code 0
2023/01/08 04:22:22 [notice] 1#1: worker process 26 exited with code 0
2023/01/08 04:22:22 [notice] 1#1: worker process 27 exited with code 0
2023/01/08 04:22:22 [notice] 1#1: worker process 28 exited with code 0
2023/01/08 04:22:22 [notice] 1#1: worker process 29 exited with code 0
2023/01/08 04:22:22 [notice] 1#1: exit
2023/01/08 04:22:26 [notice] 1#1: using the "epoll" event method
2023/01/08 04:22:26 [notice] 1#1: nginx/1.21.6
2023/01/08 04:22:26 [notice] 1#1: built by gcc 10.3.1 20211027 (Alpine 10.3.1_git20211027) 
2023/01/08 04:22:26 [notice] 1#1: OS: Linux 5.15.77-amd64-desktop
2023/01/08 04:22:26 [notice] 1#1: getrlimit(RLIMIT_NOFILE): 1048576:1048576
2023/01/08 04:22:26 [notice] 1#1: start worker processes
2023/01/08 04:22:26 [notice] 1#1: start worker process 24
2023/01/08 04:22:26 [notice] 1#1: start worker process 25
2023/01/08 04:22:26 [notice] 1#1: start worker process 26
2023/01/08 04:22:26 [notice] 1#1: start worker process 27
2023/01/08 04:22:26 [notice] 1#1: start worker process 28
2023/01/08 04:22:26 [notice] 1#1: start worker process 29
2023/01/08 04:25:17 [notice] 1#1: signal 3 (SIGQUIT) received, shutting down
2023/01/08 04:25:17 [notice] 24#24: gracefully shutting down
2023/01/08 04:25:17 [notice] 26#26: gracefully shutting down
2023/01/08 04:25:17 [notice] 27#27: gracefully shutting down
2023/01/08 04:25:17 [notice] 24#24: exiting
2023/01/08 04:25:17 [notice] 27#27: exiting
2023/01/08 04:25:17 [notice] 26#26: exiting
2023/01/08 04:25:17 [notice] 27#27: exit
2023/01/08 04:25:17 [notice] 24#24: exit
2023/01/08 04:25:17 [notice] 26#26: exit
2023/01/08 04:25:17 [notice] 25#25: gracefully shutting down
2023/01/08 04:25:17 [notice] 25#25: exiting
2023/01/08 04:25:17 [notice] 28#28: gracefully shutting down
2023/01/08 04:25:17 [notice] 28#28: exiting
2023/01/08 04:25:17 [notice] 25#25: exit
2023/01/08 04:25:17 [notice] 28#28: exit
2023/01/08 04:25:17 [notice] 29#29: gracefully shutting down
2023/01/08 04:25:17 [notice] 29#29: exiting
2023/01/08 04:25:17 [notice] 29#29: exit
2023/01/08 04:25:17 [notice] 1#1: signal 17 (SIGCHLD) received from 26
2023/01/08 04:25:17 [notice] 1#1: worker process 26 exited with code 0
2023/01/08 04:25:17 [notice] 1#1: signal 29 (SIGIO) received
2023/01/08 04:25:17 [notice] 1#1: signal 17 (SIGCHLD) received from 27
2023/01/08 04:25:17 [notice] 1#1: worker process 27 exited with code 0
2023/01/08 04:25:17 [notice] 1#1: worker process 24 exited with code 0
2023/01/08 04:25:17 [notice] 1#1: worker process 28 exited with code 0
2023/01/08 04:25:17 [notice] 1#1: worker process 29 exited with code 0
2023/01/08 04:25:17 [notice] 1#1: signal 29 (SIGIO) received
2023/01/08 04:25:17 [notice] 1#1: signal 17 (SIGCHLD) received from 24
2023/01/08 04:25:17 [notice] 1#1: signal 17 (SIGCHLD) received from 25
2023/01/08 04:25:17 [notice] 1#1: worker process 25 exited with code 0
2023/01/08 04:25:17 [notice] 1#1: exit
2023/01/08 04:33:46 [notice] 1#1: using the "epoll" event method
2023/01/08 04:33:46 [notice] 1#1: nginx/1.21.6
2023/01/08 04:33:46 [notice] 1#1: built by gcc 10.3.1 20211027 (Alpine 10.3.1_git20211027) 
2023/01/08 04:33:46 [notice] 1#1: OS: Linux 5.15.77-amd64-desktop
2023/01/08 04:33:46 [notice] 1#1: getrlimit(RLIMIT_NOFILE): 1048576:1048576
2023/01/08 04:33:46 [notice] 1#1: start worker processes
2023/01/08 04:33:46 [notice] 1#1: start worker process 31
2023/01/08 04:33:46 [notice] 1#1: start worker process 32
2023/01/08 04:33:46 [notice] 1#1: start worker process 33
2023/01/08 04:33:46 [notice] 1#1: start worker process 34
2023/01/08 04:33:46 [notice] 1#1: start worker process 35
2023/01/08 04:33:46 [notice] 1#1: start worker process 36
2023/01/08 04:33:49 [notice] 1#1: signal 3 (SIGQUIT) received, shutting down
2023/01/08 04:33:49 [notice] 31#31: gracefully shutting down
2023/01/08 04:33:49 [notice] 34#34: gracefully shutting down
2023/01/08 04:33:49 [notice] 36#36: gracefully shutting down
2023/01/08 04:33:49 [notice] 31#31: exiting
2023/01/08 04:33:49 [notice] 34#34: exiting
2023/01/08 04:33:49 [notice] 36#36: exiting
2023/01/08 04:33:49 [notice] 34#34: exit
2023/01/08 04:33:49 [notice] 36#36: exit
2023/01/08 04:33:49 [notice] 31#31: exit
2023/01/08 04:33:49 [notice] 32#32: gracefully shutting down
2023/01/08 04:33:49 [notice] 32#32: exiting
2023/01/08 04:33:49 [notice] 32#32: exit
2023/01/08 04:33:49 [notice] 35#35: gracefully shutting down
2023/01/08 04:33:49 [notice] 35#35: exiting
2023/01/08 04:33:49 [notice] 35#35: exit
2023/01/08 04:33:49 [notice] 33#33: gracefully shutting down
2023/01/08 04:33:49 [notice] 33#33: exiting
2023/01/08 04:33:49 [notice] 33#33: exit
2023/01/08 04:33:49 [notice] 1#1: signal 17 (SIGCHLD) received from 34
2023/01/08 04:33:49 [notice] 1#1: worker process 34 exited with code 0
2023/01/08 04:33:49 [notice] 1#1: signal 29 (SIGIO) received
2023/01/08 04:33:49 [notice] 1#1: signal 17 (SIGCHLD) received from 36
2023/01/08 04:33:49 [notice] 1#1: worker process 36 exited with code 0
2023/01/08 04:33:49 [notice] 1#1: worker process 35 exited with code 0
2023/01/08 04:33:49 [notice] 1#1: signal 29 (SIGIO) received
2023/01/08 04:33:49 [notice] 1#1: signal 17 (SIGCHLD) received from 35
2023/01/08 04:33:49 [notice] 1#1: worker process 32 exited with code 0
2023/01/08 04:33:49 [notice] 1#1: worker process 31 exited with code 0
2023/01/08 04:33:49 [notice] 1#1: worker process 33 exited with code 0
2023/01/08 04:33:49 [notice] 1#1: exit
2023/01/08 04:34:08 [notice] 1#1: using the "epoll" event method
2023/01/08 04:34:08 [notice] 1#1: nginx/1.21.6
2023/01/08 04:34:08 [notice] 1#1: built by gcc 10.3.1 20211027 (Alpine 10.3.1_git20211027) 
2023/01/08 04:34:08 [notice] 1#1: OS: Linux 5.15.77-amd64-desktop
2023/01/08 04:34:08 [notice] 1#1: getrlimit(RLIMIT_NOFILE): 1048576:1048576
2023/01/08 04:34:08 [notice] 1#1: start worker processes
2023/01/08 04:34:08 [notice] 1#1: start worker process 24
2023/01/08 04:34:08 [notice] 1#1: start worker process 25
2023/01/08 04:34:08 [notice] 1#1: start worker process 26
2023/01/08 04:34:08 [notice] 1#1: start worker process 27
2023/01/08 04:34:08 [notice] 1#1: start worker process 28
2023/01/08 04:34:08 [notice] 1#1: start worker process 29
2023/01/08 04:38:22 [notice] 1#1: signal 3 (SIGQUIT) received, shutting down
2023/01/08 04:38:22 [notice] 24#24: gracefully shutting down
2023/01/08 04:38:22 [notice] 24#24: exiting
2023/01/08 04:38:22 [notice] 28#28: gracefully shutting down
2023/01/08 04:38:22 [notice] 28#28: exiting
2023/01/08 04:38:22 [notice] 24#24: exit
2023/01/08 04:38:22 [notice] 28#28: exit
2023/01/08 04:38:22 [notice] 29#29: gracefully shutting down
2023/01/08 04:38:22 [notice] 29#29: exiting
2023/01/08 04:38:22 [notice] 29#29: exit
2023/01/08 04:38:22 [notice] 25#25: gracefully shutting down
2023/01/08 04:38:22 [notice] 25#25: exiting
2023/01/08 04:38:22 [notice] 25#25: exit
2023/01/08 04:38:22 [notice] 27#27: gracefully shutting down
2023/01/08 04:38:22 [notice] 27#27: exiting
2023/01/08 04:38:22 [notice] 27#27: exit
2023/01/08 04:38:22 [notice] 26#26: gracefully shutting down
2023/01/08 04:38:22 [notice] 26#26: exiting
2023/01/08 04:38:22 [notice] 26#26: exit
2023/01/08 04:38:22 [notice] 1#1: signal 17 (SIGCHLD) received from 28
2023/01/08 04:38:22 [notice] 1#1: worker process 28 exited with code 0
2023/01/08 04:38:22 [notice] 1#1: signal 29 (SIGIO) received
2023/01/08 04:38:22 [notice] 1#1: signal 17 (SIGCHLD) received from 24
2023/01/08 04:38:22 [notice] 1#1: worker process 24 exited with code 0
2023/01/08 04:38:22 [notice] 1#1: worker process 25 exited with code 0
2023/01/08 04:38:22 [notice] 1#1: signal 29 (SIGIO) received
2023/01/08 04:38:22 [notice] 1#1: signal 17 (SIGCHLD) received from 27
2023/01/08 04:38:22 [notice] 1#1: worker process 27 exited with code 0
2023/01/08 04:38:22 [notice] 1#1: signal 29 (SIGIO) received
2023/01/08 04:38:22 [notice] 1#1: signal 17 (SIGCHLD) received from 26
2023/01/08 04:38:22 [notice] 1#1: worker process 26 exited with code 0
2023/01/08 04:38:22 [notice] 1#1: worker process 29 exited with code 0
2023/01/08 04:38:22 [notice] 1#1: exit
2023/01/08 04:38:29 [notice] 1#1: using the "epoll" event method
2023/01/08 04:38:29 [notice] 1#1: nginx/1.21.6
2023/01/08 04:38:29 [notice] 1#1: built by gcc 10.3.1 20211027 (Alpine 10.3.1_git20211027) 
2023/01/08 04:38:29 [notice] 1#1: OS: Linux 5.15.77-amd64-desktop
2023/01/08 04:38:29 [notice] 1#1: getrlimit(RLIMIT_NOFILE): 1048576:1048576
2023/01/08 04:38:29 [notice] 1#1: start worker processes
2023/01/08 04:38:29 [notice] 1#1: start worker process 24
2023/01/08 04:38:29 [notice] 1#1: start worker process 25
2023/01/08 04:38:29 [notice] 1#1: start worker process 26
2023/01/08 04:38:29 [notice] 1#1: start worker process 27
2023/01/08 04:38:29 [notice] 1#1: start worker process 28
2023/01/08 04:38:29 [notice] 1#1: start worker process 29
2023/01/08 04:39:05 [notice] 1#1: signal 3 (SIGQUIT) received, shutting down
2023/01/08 04:39:05 [notice] 25#25: gracefully shutting down
2023/01/08 04:39:05 [notice] 25#25: exiting
2023/01/08 04:39:05 [notice] 25#25: exit
2023/01/08 04:39:05 [notice] 24#24: gracefully shutting down
2023/01/08 04:39:05 [notice] 24#24: exiting
2023/01/08 04:39:05 [notice] 24#24: exit
2023/01/08 04:39:05 [notice] 26#26: gracefully shutting down
2023/01/08 04:39:05 [notice] 26#26: exiting
2023/01/08 04:39:05 [notice] 26#26: exit
2023/01/08 04:39:05 [notice] 27#27: gracefully shutting down
2023/01/08 04:39:05 [notice] 27#27: exiting
2023/01/08 04:39:05 [notice] 27#27: exit
2023/01/08 04:39:05 [notice] 28#28: gracefully shutting down
2023/01/08 04:39:05 [notice] 28#28: exiting
2023/01/08 04:39:05 [notice] 28#28: exit
2023/01/08 04:39:05 [notice] 29#29: gracefully shutting down
2023/01/08 04:39:05 [notice] 29#29: exiting
2023/01/08 04:39:05 [notice] 29#29: exit
2023/01/08 04:39:05 [notice] 1#1: signal 17 (SIGCHLD) received from 24
2023/01/08 04:39:05 [notice] 1#1: worker process 24 exited with code 0
2023/01/08 04:39:05 [notice] 1#1: signal 29 (SIGIO) received
2023/01/08 04:39:05 [notice] 1#1: signal 17 (SIGCHLD) received from 25
2023/01/08 04:39:05 [notice] 1#1: worker process 25 exited with code 0
2023/01/08 04:39:05 [notice] 1#1: signal 29 (SIGIO) received
2023/01/08 04:39:05 [notice] 1#1: signal 17 (SIGCHLD) received from 26
2023/01/08 04:39:05 [notice] 1#1: worker process 26 exited with code 0
2023/01/08 04:39:05 [notice] 1#1: signal 29 (SIGIO) received
2023/01/08 04:39:05 [notice] 1#1: signal 17 (SIGCHLD) received from 28
2023/01/08 04:39:05 [notice] 1#1: worker process 28 exited with code 0
2023/01/08 04:39:05 [notice] 1#1: signal 29 (SIGIO) received
2023/01/08 04:39:05 [notice] 1#1: signal 17 (SIGCHLD) received from 27
2023/01/08 04:39:05 [notice] 1#1: worker process 27 exited with code 0
2023/01/08 04:39:05 [notice] 1#1: signal 29 (SIGIO) received
2023/01/08 04:39:05 [notice] 1#1: signal 17 (SIGCHLD) received from 29
2023/01/08 04:39:05 [notice] 1#1: worker process 29 exited with code 0
2023/01/08 04:39:05 [notice] 1#1: exit
2023/01/08 04:39:13 [notice] 1#1: using the "epoll" event method
2023/01/08 04:39:13 [notice] 1#1: nginx/1.21.6
2023/01/08 04:39:13 [notice] 1#1: built by gcc 10.3.1 20211027 (Alpine 10.3.1_git20211027) 
2023/01/08 04:39:13 [notice] 1#1: OS: Linux 5.15.77-amd64-desktop
2023/01/08 04:39:13 [notice] 1#1: getrlimit(RLIMIT_NOFILE): 1048576:1048576
2023/01/08 04:39:13 [notice] 1#1: start worker processes
2023/01/08 04:39:13 [notice] 1#1: start worker process 23
2023/01/08 04:39:13 [notice] 1#1: start worker process 24
2023/01/08 04:39:13 [notice] 1#1: start worker process 25
2023/01/08 04:39:13 [notice] 1#1: start worker process 26
2023/01/08 04:39:13 [notice] 1#1: start worker process 27
2023/01/08 04:39:13 [notice] 1#1: start worker process 28
2023/01/08 04:41:26 [notice] 1#1: signal 3 (SIGQUIT) received, shutting down
2023/01/08 04:41:26 [notice] 25#25: gracefully shutting down
2023/01/08 04:41:26 [notice] 23#23: gracefully shutting down
2023/01/08 04:41:26 [notice] 25#25: exiting
2023/01/08 04:41:26 [notice] 25#25: exit
2023/01/08 04:41:26 [notice] 23#23: exiting
2023/01/08 04:41:26 [notice] 23#23: exit
2023/01/08 04:41:26 [notice] 24#24: gracefully shutting down
2023/01/08 04:41:26 [notice] 24#24: exiting
2023/01/08 04:41:26 [notice] 24#24: exit
2023/01/08 04:41:26 [notice] 26#26: gracefully shutting down
2023/01/08 04:41:26 [notice] 26#26: exiting
2023/01/08 04:41:26 [notice] 26#26: exit
2023/01/08 04:41:26 [notice] 27#27: gracefully shutting down
2023/01/08 04:41:26 [notice] 27#27: exiting
2023/01/08 04:41:26 [notice] 27#27: exit
2023/01/08 04:41:26 [notice] 28#28: gracefully shutting down
2023/01/08 04:41:26 [notice] 28#28: exiting
2023/01/08 04:41:26 [notice] 28#28: exit
2023/01/08 04:41:26 [notice] 1#1: signal 17 (SIGCHLD) received from 25
2023/01/08 04:41:26 [notice] 1#1: worker process 23 exited with code 0
2023/01/08 04:41:26 [notice] 1#1: worker process 25 exited with code 0
2023/01/08 04:41:26 [notice] 1#1: signal 29 (SIGIO) received
2023/01/08 04:41:26 [notice] 1#1: signal 17 (SIGCHLD) received from 23
2023/01/08 04:41:26 [notice] 1#1: signal 17 (SIGCHLD) received from 24
2023/01/08 04:41:26 [notice] 1#1: worker process 24 exited with code 0
2023/01/08 04:41:26 [notice] 1#1: signal 29 (SIGIO) received
2023/01/08 04:41:26 [notice] 1#1: signal 17 (SIGCHLD) received from 26
2023/01/08 04:41:26 [notice] 1#1: worker process 26 exited with code 0
2023/01/08 04:41:26 [notice] 1#1: signal 29 (SIGIO) received
2023/01/08 04:41:26 [notice] 1#1: signal 17 (SIGCHLD) received from 27
2023/01/08 04:41:26 [notice] 1#1: worker process 27 exited with code 0
2023/01/08 04:41:26 [notice] 1#1: signal 29 (SIGIO) received
2023/01/08 04:41:26 [notice] 1#1: signal 17 (SIGCHLD) received from 28
2023/01/08 04:41:26 [notice] 1#1: worker process 28 exited with code 0
2023/01/08 04:41:26 [notice] 1#1: exit
2023/01/08 04:41:33 [notice] 1#1: using the "epoll" event method
2023/01/08 04:41:33 [notice] 1#1: nginx/1.21.6
2023/01/08 04:41:33 [notice] 1#1: built by gcc 10.3.1 20211027 (Alpine 10.3.1_git20211027) 
2023/01/08 04:41:33 [notice] 1#1: OS: Linux 5.15.77-amd64-desktop
2023/01/08 04:41:33 [notice] 1#1: getrlimit(RLIMIT_NOFILE): 1048576:1048576
2023/01/08 04:41:33 [notice] 1#1: start worker processes
2023/01/08 04:41:33 [notice] 1#1: start worker process 24
2023/01/08 04:41:33 [notice] 1#1: start worker process 25
2023/01/08 04:41:33 [notice] 1#1: start worker process 26
2023/01/08 04:41:33 [notice] 1#1: start worker process 27
2023/01/08 04:41:33 [notice] 1#1: start worker process 28
2023/01/08 04:41:33 [notice] 1#1: start worker process 29
2023/01/08 05:23:21 [warn] 29#29: *169 an upstream response is buffered to a temporary file /var/cache/nginx/fastcgi_temp/1/00/0000000001 while reading upstream, client: 10.5.0.1, server: , request: "GET /api/soap5.wsdl HTTP/1.1", upstream: "fastcgi://10.5.0.5:9000", host: "localhost:8000"
2023/01/08 05:23:59 [warn] 29#29: *169 an upstream response is buffered to a temporary file /var/cache/nginx/fastcgi_temp/2/00/0000000002 while reading upstream, client: 10.5.0.1, server: , request: "GET /api/soap5.wsdl HTTP/1.1", upstream: "fastcgi://10.5.0.5:9000", host: "localhost:8000"
2023/01/08 08:11:29 [notice] 1#1: signal 3 (SIGQUIT) received, shutting down
2023/01/08 08:11:29 [notice] 29#29: gracefully shutting down
2023/01/08 08:11:29 [notice] 25#25: gracefully shutting down
2023/01/08 08:11:29 [notice] 27#27: gracefully shutting down
2023/01/08 08:11:29 [notice] 29#29: exiting
2023/01/08 08:11:29 [notice] 25#25: exiting
2023/01/08 08:11:29 [notice] 27#27: exiting
2023/01/08 08:11:29 [notice] 29#29: exit
2023/01/08 08:11:29 [notice] 27#27: exit
2023/01/08 08:11:29 [notice] 25#25: exit
2023/01/08 08:11:29 [notice] 26#26: gracefully shutting down
2023/01/08 08:11:29 [notice] 26#26: exiting
2023/01/08 08:11:29 [notice] 26#26: exit
2023/01/08 08:11:29 [notice] 28#28: gracefully shutting down
2023/01/08 08:11:29 [notice] 28#28: exiting
2023/01/08 08:11:29 [notice] 28#28: exit
2023/01/08 08:11:29 [notice] 24#24: gracefully shutting down
2023/01/08 08:11:29 [notice] 24#24: exiting
2023/01/08 08:11:29 [notice] 24#24: exit
2023/01/08 08:11:29 [notice] 1#1: signal 17 (SIGCHLD) received from 25
2023/01/08 08:11:29 [notice] 1#1: worker process 25 exited with code 0
2023/01/08 08:11:29 [notice] 1#1: signal 29 (SIGIO) received
2023/01/08 08:11:29 [notice] 1#1: signal 17 (SIGCHLD) received from 29
2023/01/08 08:11:29 [notice] 1#1: worker process 26 exited with code 0
2023/01/08 08:11:29 [notice] 1#1: worker process 29 exited with code 0
2023/01/08 08:11:29 [notice] 1#1: signal 29 (SIGIO) received
2023/01/08 08:11:29 [notice] 1#1: signal 17 (SIGCHLD) received from 26
2023/01/08 08:11:29 [notice] 1#1: signal 17 (SIGCHLD) received from 27
2023/01/08 08:11:29 [notice] 1#1: worker process 27 exited with code 0
2023/01/08 08:11:29 [notice] 1#1: signal 29 (SIGIO) received
2023/01/08 08:11:29 [notice] 1#1: signal 17 (SIGCHLD) received from 28
2023/01/08 08:11:29 [notice] 1#1: worker process 28 exited with code 0
2023/01/08 08:11:29 [notice] 1#1: signal 29 (SIGIO) received
2023/01/08 08:11:29 [notice] 1#1: signal 17 (SIGCHLD) received from 24
2023/01/08 08:11:29 [notice] 1#1: worker process 24 exited with code 0
2023/01/08 08:11:29 [notice] 1#1: exit
2023/01/08 15:08:07 [notice] 1#1: using the "epoll" event method
2023/01/08 15:08:07 [notice] 1#1: nginx/1.21.6
2023/01/08 15:08:07 [notice] 1#1: built by gcc 10.3.1 20211027 (Alpine 10.3.1_git20211027) 
2023/01/08 15:08:07 [notice] 1#1: OS: Linux 5.15.77-amd64-desktop
2023/01/08 15:08:07 [notice] 1#1: getrlimit(RLIMIT_NOFILE): 1048576:1048576
2023/01/08 15:08:07 [notice] 1#1: start worker processes
2023/01/08 15:08:07 [notice] 1#1: start worker process 24
2023/01/08 15:08:07 [notice] 1#1: start worker process 25
2023/01/08 15:08:07 [notice] 1#1: start worker process 26
2023/01/08 15:08:07 [notice] 1#1: start worker process 27
2023/01/08 15:08:07 [notice] 1#1: start worker process 28
2023/01/08 15:08:07 [notice] 1#1: start worker process 29
2023/01/08 19:50:22 [notice] 1#1: signal 3 (SIGQUIT) received, shutting down
2023/01/08 19:50:22 [notice] 29#29: gracefully shutting down
2023/01/08 19:50:22 [notice] 28#28: gracefully shutting down
2023/01/08 19:50:22 [notice] 27#27: gracefully shutting down
2023/01/08 19:50:22 [notice] 29#29: exiting
2023/01/08 19:50:22 [notice] 28#28: exiting
2023/01/08 19:50:22 [notice] 27#27: exiting
2023/01/08 19:50:22 [notice] 29#29: exit
2023/01/08 19:50:22 [notice] 28#28: exit
2023/01/08 19:50:22 [notice] 27#27: exit
2023/01/08 19:50:22 [notice] 24#24: gracefully shutting down
2023/01/08 19:50:22 [notice] 26#26: gracefully shutting down
2023/01/08 19:50:22 [notice] 24#24: exiting
2023/01/08 19:50:22 [notice] 26#26: exiting
2023/01/08 19:50:22 [notice] 24#24: exit
2023/01/08 19:50:22 [notice] 26#26: exit
2023/01/08 19:50:22 [notice] 25#25: gracefully shutting down
2023/01/08 19:50:22 [notice] 25#25: exiting
2023/01/08 19:50:22 [notice] 25#25: exit
2023/01/08 19:50:22 [notice] 1#1: signal 17 (SIGCHLD) received from 29
2023/01/08 19:50:22 [notice] 1#1: worker process 29 exited with code 0
2023/01/08 19:50:22 [notice] 1#1: signal 29 (SIGIO) received
2023/01/08 19:50:22 [notice] 1#1: signal 17 (SIGCHLD) received from 24
2023/01/08 19:50:22 [notice] 1#1: worker process 24 exited with code 0
2023/01/08 19:50:22 [notice] 1#1: signal 29 (SIGIO) received
2023/01/08 19:50:22 [notice] 1#1: signal 17 (SIGCHLD) received from 26
2023/01/08 19:50:22 [notice] 1#1: worker process 25 exited with code 0
2023/01/08 19:50:22 [notice] 1#1: worker process 26 exited with code 0
2023/01/08 19:50:22 [notice] 1#1: worker process 28 exited with code 0
2023/01/08 19:50:22 [notice] 1#1: signal 29 (SIGIO) received
2023/01/08 19:50:22 [notice] 1#1: signal 17 (SIGCHLD) received from 25
2023/01/08 19:50:22 [notice] 1#1: signal 17 (SIGCHLD) received from 27
2023/01/08 19:50:22 [notice] 1#1: worker process 27 exited with code 0
2023/01/08 19:50:22 [notice] 1#1: exit
2023/01/08 20:18:14 [notice] 1#1: using the "epoll" event method
2023/01/08 20:18:14 [notice] 1#1: nginx/1.21.6
2023/01/08 20:18:14 [notice] 1#1: built by gcc 10.3.1 20211027 (Alpine 10.3.1_git20211027) 
2023/01/08 20:18:14 [notice] 1#1: OS: Linux 5.15.77-amd64-desktop
2023/01/08 20:18:14 [notice] 1#1: getrlimit(RLIMIT_NOFILE): 1048576:1048576
2023/01/08 20:18:14 [notice] 1#1: start worker processes
2023/01/08 20:18:14 [notice] 1#1: start worker process 32
2023/01/08 20:18:14 [notice] 1#1: start worker process 33
2023/01/08 20:18:14 [notice] 1#1: start worker process 34
2023/01/08 20:18:14 [notice] 1#1: start worker process 35
2023/01/08 20:18:14 [notice] 1#1: start worker process 36
2023/01/08 20:18:14 [notice] 1#1: start worker process 37
